<?xml version="1.0" encoding="UTF-8"?>
<testsuite name="com.pdfocus.core.models.DisciplinaTest" tests="3" skipped="0" failures="0" errors="0" timestamp="2025-05-15T19:19:17" hostname="DESKTOP-0320GJH" time="0.027">
  <properties/>
  <testcase name="criaDisciplinaComDadosValidos()" classname="com.pdfocus.core.models.DisciplinaTest" time="0.02"/>
  <testcase name="naoCriaComIdNulo()" classname="com.pdfocus.core.models.DisciplinaTest" time="0.003"/>
  <testcase name="naoCriaComNomeNuloOuVazio()" classname="com.pdfocus.core.models.DisciplinaTest" time="0.002"/>
  <system-out><![CDATA[]]></system-out>
  <system-err><![CDATA[]]></system-err>
</testsuite>
