<?xml version="1.0" encoding="UTF-8"?>
<testsuite name="com.pdfocus.PdfocusApplicationTest" tests="1" skipped="0" failures="0" errors="0" timestamp="2025-05-15T15:36:39" hostname="DESKTOP-0320GJH" time="0.015">
  <properties/>
  <testcase name="testSomar()" classname="com.pdfocus.PdfocusApplicationTest" time="0.015"/>
  <system-out><![CDATA[]]></system-out>
  <system-err><![CDATA[]]></system-err>
</testsuite>
