<?xml version="1.0" encoding="UTF-8"?>
<testsuite name="com.pdfocus.core.models.ResumoTeste" tests="10" skipped="0" failures="0" errors="0" timestamp="2025-05-17T03:33:48" hostname="DESKTOP-0320GJH" time="0.042">
  <properties/>
  <testcase name="deveLancarExcecaoQuandoTituloForVazio()" classname="com.pdfocus.core.models.ResumoTeste" time="0.017"/>
  <testcase name="deveLancarExcecaoQuandoDisciplinaForNula()" classname="com.pdfocus.core.models.ResumoTeste" time="0.002"/>
  <testcase name="deveLancarExcecaoQuandoTituloForApenasEspaco()" classname="com.pdfocus.core.models.ResumoTeste" time="0.001"/>
  <testcase name="deveLancarExcecaoQuandoUsuarioIdForNulo()" classname="com.pdfocus.core.models.ResumoTeste" time="0.001"/>
  <testcase name="deveCriarResumoComDadosValidos()" classname="com.pdfocus.core.models.ResumoTeste" time="0.001"/>
  <testcase name="deveLancarExcecaoQuandoConteudoForNulo()" classname="com.pdfocus.core.models.ResumoTeste" time="0.001"/>
  <testcase name="deveLancarExcecaoQuandoConteudoForApenasEspaco()" classname="com.pdfocus.core.models.ResumoTeste" time="0.001"/>
  <testcase name="deveLancarExcecaoQuandoTituloForNulo()" classname="com.pdfocus.core.models.ResumoTeste" time="0.002"/>
  <testcase name="deveLancarExcecaoQuandoConteudoForVazio()" classname="com.pdfocus.core.models.ResumoTeste" time="0.002"/>
  <testcase name="deveLancarExcecaoQuandoIdForNulo()" classname="com.pdfocus.core.models.ResumoTeste" time="0.002"/>
  <system-out><![CDATA[]]></system-out>
  <system-err><![CDATA[]]></system-err>
</testsuite>
