<?xml version="1.0" encoding="UTF-8"?>
<testsuite name="com.pdfocus.core.models.PdfDocumentoTest" tests="5" skipped="0" failures="0" errors="0" timestamp="2025-05-16T13:21:03" hostname="DESKTOP-0320GJH" time="0.032">
  <properties/>
  <testcase name="criaPdfDocumentoComDadosValidos()" classname="com.pdfocus.core.models.PdfDocumentoTest" time="0.019"/>
  <testcase name="naoCriaComIdNulo()" classname="com.pdfocus.core.models.PdfDocumentoTest" time="0.003"/>
  <testcase name="naoCriaComNomeNuloOuVazio()" classname="com.pdfocus.core.models.PdfDocumentoTest" time="0.002"/>
  <testcase name="naoCriaComDisciplinaNula()" classname="com.pdfocus.core.models.PdfDocumentoTest" time="0.001"/>
  <testcase name="naoCriaComCaminhoNuloOuVazio()" classname="com.pdfocus.core.models.PdfDocumentoTest" time="0.002"/>
  <system-out><![CDATA[]]></system-out>
  <system-err><![CDATA[]]></system-err>
</testsuite>
